{"/Users/sebastianflajszer/Projects/Node/motorola/logic-gates-simulator/src/core/simulator/Circuit.ts": {"path":"/Users/sebastianflajszer/Projects/Node/motorola/logic-gates-simulator/src/core/simulator/Circuit.ts","statementMap":{"0":{"start":{"line":2,"column":0},"end":{"line":2,"column":39}},"1":{"start":{"line":3,"column":0},"end":{"line":3,"column":70}},"2":{"start":{"line":4,"column":0},"end":{"line":4,"column":49}},"3":{"start":{"line":28,"column":20},"end":{"line":28,"column":46}},"4":{"start":{"line":29,"column":19},"end":{"line":29,"column":42}},"5":{"start":{"line":30,"column":21},"end":{"line":30,"column":47}},"6":{"start":{"line":31,"column":31},"end":{"line":31,"column":48}},"7":{"start":{"line":37,"column":4},"end":{"line":37,"column":87}},"8":{"start":{"line":44,"column":4},"end":{"line":47,"column":7}},"9":{"start":{"line":45,"column":6},"end":{"line":45,"column":29}},"10":{"start":{"line":46,"column":6},"end":{"line":46,"column":25}},"11":{"start":{"line":54,"column":4},"end":{"line":54,"column":47}},"12":{"start":{"line":54,"column":33},"end":{"line":54,"column":47}},"13":{"start":{"line":56,"column":4},"end":{"line":68,"column":7}},"14":{"start":{"line":57,"column":23},"end":{"line":57,"column":44}},"15":{"start":{"line":58,"column":6},"end":{"line":58,"column":72}},"16":{"start":{"line":58,"column":21},"end":{"line":58,"column":72}},"17":{"start":{"line":60,"column":6},"end":{"line":60,"column":49}},"18":{"start":{"line":60,"column":42},"end":{"line":60,"column":49}},"19":{"start":{"line":61,"column":6},"end":{"line":61,"column":37}},"20":{"start":{"line":63,"column":6},"end":{"line":63,"column":49}},"21":{"start":{"line":65,"column":6},"end":{"line":65,"column":72}},"22":{"start":{"line":65,"column":38},"end":{"line":65,"column":72}},"23":{"start":{"line":67,"column":6},"end":{"line":67,"column":28}},"24":{"start":{"line":77,"column":4},"end":{"line":77,"column":62}},"25":{"start":{"line":77,"column":43},"end":{"line":77,"column":60}},"26":{"start":{"line":81,"column":4},"end":{"line":89,"column":6}},"27":{"start":{"line":82,"column":76},"end":{"line":86,"column":8}},"28":{"start":{"line":87,"column":74},"end":{"line":87,"column":99}},"29":{"start":{"line":88,"column":59},"end":{"line":88,"column":65}},"30":{"start":{"line":93,"column":4},"end":{"line":97,"column":7}},"31":{"start":{"line":94,"column":20},"end":{"line":94,"column":69}},"32":{"start":{"line":95,"column":6},"end":{"line":95,"column":38}},"33":{"start":{"line":96,"column":6},"end":{"line":96,"column":33}},"34":{"start":{"line":99,"column":4},"end":{"line":109,"column":7}},"35":{"start":{"line":100,"column":6},"end":{"line":108,"column":null}},"36":{"start":{"line":101,"column":21},"end":{"line":101,"column":60}},"37":{"start":{"line":102,"column":8},"end":{"line":102,"column":39}},"38":{"start":{"line":103,"column":8},"end":{"line":103,"column":33}},"39":{"start":{"line":105,"column":21},"end":{"line":105,"column":76}},"40":{"start":{"line":106,"column":8},"end":{"line":106,"column":39}},"41":{"start":{"line":107,"column":8},"end":{"line":107,"column":33}},"42":{"start":{"line":111,"column":4},"end":{"line":113,"column":7}},"43":{"start":{"line":112,"column":6},"end":{"line":112,"column":60}},"44":{"start":{"line":27,"column":0},"end":{"line":27,"column":13}}},"fnMap":{"0":{"name":"(anonymous_0)","decl":{"start":{"line":36,"column":2},"end":{"line":36,"column":6}},"loc":{"start":{"line":36,"column":14},"end":{"line":38,"column":3}}},"1":{"name":"(anonymous_1)","decl":{"start":{"line":43,"column":2},"end":{"line":43,"column":10}},"loc":{"start":{"line":43,"column":10},"end":{"line":48,"column":3}}},"2":{"name":"(anonymous_2)","decl":{"start":{"line":44,"column":24},"end":{"line":44,"column":25}},"loc":{"start":{"line":44,"column":34},"end":{"line":47,"column":5}}},"3":{"name":"(anonymous_3)","decl":{"start":{"line":53,"column":2},"end":{"line":53,"column":8}},"loc":{"start":{"line":53,"column":25},"end":{"line":69,"column":3}}},"4":{"name":"(anonymous_4)","decl":{"start":{"line":56,"column":32},"end":{"line":56,"column":33}},"loc":{"start":{"line":56,"column":61},"end":{"line":68,"column":5}}},"5":{"name":"(anonymous_5)","decl":{"start":{"line":76,"column":2},"end":{"line":76,"column":6}},"loc":{"start":{"line":76,"column":17},"end":{"line":78,"column":3}}},"6":{"name":"(anonymous_6)","decl":{"start":{"line":77,"column":30},"end":{"line":77,"column":31}},"loc":{"start":{"line":77,"column":43},"end":{"line":77,"column":60}}},"7":{"name":"(anonymous_7)","decl":{"start":{"line":80,"column":2},"end":{"line":80,"column":11}},"loc":{"start":{"line":80,"column":11},"end":{"line":90,"column":3}}},"8":{"name":"(anonymous_8)","decl":{"start":{"line":82,"column":44},"end":{"line":82,"column":45}},"loc":{"start":{"line":82,"column":76},"end":{"line":86,"column":8}}},"9":{"name":"(anonymous_9)","decl":{"start":{"line":87,"column":42},"end":{"line":87,"column":43}},"loc":{"start":{"line":87,"column":74},"end":{"line":87,"column":99}}},"10":{"name":"(anonymous_10)","decl":{"start":{"line":88,"column":46},"end":{"line":88,"column":47}},"loc":{"start":{"line":88,"column":59},"end":{"line":88,"column":65}}},"11":{"name":"(anonymous_11)","decl":{"start":{"line":92,"column":2},"end":{"line":92,"column":13}},"loc":{"start":{"line":92,"column":104},"end":{"line":114,"column":3}}},"12":{"name":"(anonymous_12)","decl":{"start":{"line":93,"column":19},"end":{"line":93,"column":20}},"loc":{"start":{"line":93,"column":49},"end":{"line":97,"column":5}}},"13":{"name":"(anonymous_13)","decl":{"start":{"line":99,"column":18},"end":{"line":99,"column":19}},"loc":{"start":{"line":99,"column":48},"end":{"line":109,"column":5}}},"14":{"name":"(anonymous_14)","decl":{"start":{"line":111,"column":20},"end":{"line":111,"column":21}},"loc":{"start":{"line":111,"column":31},"end":{"line":113,"column":5}}}},"branchMap":{"0":{"loc":{"start":{"line":54,"column":4},"end":{"line":54,"column":47}},"type":"if","locations":[{"start":{"line":54,"column":4},"end":{"line":54,"column":47}}]},"1":{"loc":{"start":{"line":58,"column":6},"end":{"line":58,"column":72}},"type":"if","locations":[{"start":{"line":58,"column":6},"end":{"line":58,"column":72}}]},"2":{"loc":{"start":{"line":60,"column":6},"end":{"line":60,"column":49}},"type":"if","locations":[{"start":{"line":60,"column":6},"end":{"line":60,"column":49}}]},"3":{"loc":{"start":{"line":65,"column":6},"end":{"line":65,"column":72}},"type":"if","locations":[{"start":{"line":65,"column":6},"end":{"line":65,"column":72}}]},"4":{"loc":{"start":{"line":100,"column":6},"end":{"line":108,"column":null}},"type":"if","locations":[{"start":{"line":100,"column":6},"end":{"line":108,"column":null}},{"start":{"line":104,"column":13},"end":{"line":108,"column":null}}]}},"s":{"0":2,"1":2,"2":2,"3":2,"4":2,"5":2,"6":2,"7":0,"8":0,"9":0,"10":0,"11":0,"12":0,"13":0,"14":0,"15":0,"16":0,"17":0,"18":0,"19":0,"20":0,"21":0,"22":0,"23":0,"24":0,"25":0,"26":1,"27":1,"28":1,"29":1,"30":1,"31":2,"32":2,"33":2,"34":1,"35":1,"36":1,"37":1,"38":1,"39":0,"40":0,"41":0,"42":1,"43":1,"44":2},"f":{"0":0,"1":0,"2":0,"3":0,"4":0,"5":0,"6":0,"7":1,"8":1,"9":1,"10":1,"11":1,"12":2,"13":1,"14":1},"b":{"0":[0],"1":[0],"2":[0],"3":[0],"4":[1,0]}}
,"/Users/sebastianflajszer/Projects/Node/motorola/logic-gates-simulator/src/core/simulator/elements/BaseGate.ts": {"path":"/Users/sebastianflajszer/Projects/Node/motorola/logic-gates-simulator/src/core/simulator/elements/BaseGate.ts","statementMap":{"0":{"start":{"line":1,"column":0},"end":{"line":1,"column":43}},"1":{"start":{"line":2,"column":0},"end":{"line":2,"column":45}},"2":{"start":{"line":7,"column":26},"end":{"line":9,"column":1}},"3":{"start":{"line":8,"column":2},"end":{"line":8,"column":60}},"4":{"start":{"line":8,"column":47},"end":{"line":8,"column":58}},"5":{"start":{"line":7,"column":13},"end":{"line":7,"column":26}},"6":{"start":{"line":20,"column":4},"end":{"line":20,"column":31}},"7":{"start":{"line":21,"column":4},"end":{"line":21,"column":66}},"8":{"start":{"line":21,"column":17},"end":{"line":21,"column":18}},"9":{"start":{"line":21,"column":42},"end":{"line":21,"column":66}},"10":{"start":{"line":22,"column":4},"end":{"line":22,"column":27}},"11":{"start":{"line":26,"column":21},"end":{"line":26,"column":35}},"12":{"start":{"line":27,"column":4},"end":{"line":27,"column":47}},"13":{"start":{"line":28,"column":4},"end":{"line":28,"column":39}},"14":{"start":{"line":16,"column":0},"end":{"line":16,"column":13}}},"fnMap":{"0":{"name":"(anonymous_0)","decl":{"start":{"line":7,"column":26},"end":{"line":7,"column":27}},"loc":{"start":{"line":7,"column":65},"end":{"line":9,"column":1}}},"1":{"name":"(anonymous_1)","decl":{"start":{"line":8,"column":38},"end":{"line":8,"column":39}},"loc":{"start":{"line":8,"column":47},"end":{"line":8,"column":58}}},"2":{"name":"(anonymous_2)","decl":{"start":{"line":19,"column":2},"end":{"line":19,"column":14}},"loc":{"start":{"line":19,"column":80},"end":{"line":23,"column":3}}},"3":{"name":"(anonymous_3)","decl":{"start":{"line":25,"column":2},"end":{"line":25,"column":5}},"loc":{"start":{"line":25,"column":5},"end":{"line":29,"column":3}}}},"branchMap":{},"s":{"0":2,"1":2,"2":2,"3":1,"4":1,"5":2,"6":3,"7":3,"8":3,"9":5,"10":3,"11":1,"12":1,"13":1,"14":2},"f":{"0":1,"1":1,"2":3,"3":1},"b":{}}
,"/Users/sebastianflajszer/Projects/Node/motorola/logic-gates-simulator/src/core/simulator/elements/CustomGate.ts": {"path":"/Users/sebastianflajszer/Projects/Node/motorola/logic-gates-simulator/src/core/simulator/elements/CustomGate.ts","statementMap":{"0":{"start":{"line":1,"column":0},"end":{"line":1,"column":43}},"1":{"start":{"line":14,"column":4},"end":{"line":14,"column":23}},"2":{"start":{"line":13,"column":43},"end":{"line":13,"column":59}},"3":{"start":{"line":16,"column":4},"end":{"line":16,"column":61}},"4":{"start":{"line":17,"column":4},"end":{"line":17,"column":62}},"5":{"start":{"line":21,"column":4},"end":{"line":23,"column":7}},"6":{"start":{"line":22,"column":6},"end":{"line":22,"column":43}},"7":{"start":{"line":25,"column":4},"end":{"line":25,"column":28}},"8":{"start":{"line":27,"column":18},"end":{"line":27,"column":23}},"9":{"start":{"line":28,"column":4},"end":{"line":32,"column":7}},"10":{"start":{"line":29,"column":23},"end":{"line":29,"column":41}},"11":{"start":{"line":30,"column":6},"end":{"line":30,"column":37}},"12":{"start":{"line":31,"column":6},"end":{"line":31,"column":48}},"13":{"start":{"line":34,"column":4},"end":{"line":34,"column":19}},"14":{"start":{"line":12,"column":0},"end":{"line":12,"column":13}}},"fnMap":{"0":{"name":"(anonymous_0)","decl":{"start":{"line":13,"column":2},"end":{"line":13,"column":14}},"loc":{"start":{"line":13,"column":81},"end":{"line":18,"column":3}}},"1":{"name":"(anonymous_1)","decl":{"start":{"line":20,"column":2},"end":{"line":20,"column":5}},"loc":{"start":{"line":20,"column":5},"end":{"line":35,"column":3}}},"2":{"name":"(anonymous_2)","decl":{"start":{"line":21,"column":46},"end":{"line":21,"column":47}},"loc":{"start":{"line":21,"column":63},"end":{"line":23,"column":5}}},"3":{"name":"(anonymous_3)","decl":{"start":{"line":28,"column":47},"end":{"line":28,"column":48}},"loc":{"start":{"line":28,"column":69},"end":{"line":32,"column":5}}}},"branchMap":{},"s":{"0":2,"1":0,"2":0,"3":0,"4":0,"5":0,"6":0,"7":0,"8":0,"9":0,"10":0,"11":0,"12":0,"13":0,"14":2},"f":{"0":0,"1":0,"2":0,"3":0},"b":{}}
,"/Users/sebastianflajszer/Projects/Node/motorola/logic-gates-simulator/src/core/simulator/elements/Element.ts": {"path":"/Users/sebastianflajszer/Projects/Node/motorola/logic-gates-simulator/src/core/simulator/elements/Element.ts","statementMap":{"0":{"start":{"line":8,"column":22},"end":{"line":8,"column":24}},"1":{"start":{"line":9,"column":22},"end":{"line":9,"column":24}},"2":{"start":{"line":10,"column":30},"end":{"line":10,"column":32}},"3":{"start":{"line":12,"column":23},"end":{"line":12,"column":33}},"4":{"start":{"line":12,"column":44},"end":{"line":12,"column":56}},"5":{"start":{"line":7,"column":0},"end":{"line":7,"column":13}}},"fnMap":{"0":{"name":"(anonymous_0)","decl":{"start":{"line":12,"column":2},"end":{"line":12,"column":23}},"loc":{"start":{"line":12,"column":56},"end":{"line":12,"column":60}}}},"branchMap":{},"s":{"0":8,"1":8,"2":8,"3":8,"4":8,"5":2},"f":{"0":8},"b":{}}
,"/Users/sebastianflajszer/Projects/Node/motorola/logic-gates-simulator/src/core/simulator/elements/ElementFactory.ts": {"path":"/Users/sebastianflajszer/Projects/Node/motorola/logic-gates-simulator/src/core/simulator/elements/ElementFactory.ts","statementMap":{"0":{"start":{"line":1,"column":0},"end":{"line":1,"column":55}},"1":{"start":{"line":2,"column":0},"end":{"line":2,"column":36}},"2":{"start":{"line":4,"column":0},"end":{"line":4,"column":64}},"3":{"start":{"line":5,"column":0},"end":{"line":5,"column":37}},"4":{"start":{"line":9,"column":13},"end":{"line":13,"column":3}},"5":{"start":{"line":10,"column":88},"end":{"line":10,"column":90}},"6":{"start":{"line":11,"column":91},"end":{"line":11,"column":97}},"7":{"start":{"line":12,"column":89},"end":{"line":12,"column":95}},"8":{"start":{"line":17,"column":19},"end":{"line":17,"column":44}},"9":{"start":{"line":18,"column":4},"end":{"line":18,"column":29}},"10":{"start":{"line":19,"column":4},"end":{"line":19,"column":29}},"11":{"start":{"line":20,"column":4},"end":{"line":20,"column":18}},"12":{"start":{"line":24,"column":18},"end":{"line":24,"column":39}},"13":{"start":{"line":25,"column":4},"end":{"line":25,"column":28}},"14":{"start":{"line":26,"column":4},"end":{"line":26,"column":17}},"15":{"start":{"line":30,"column":20},"end":{"line":30,"column":39}},"16":{"start":{"line":31,"column":4},"end":{"line":31,"column":85}},"17":{"start":{"line":31,"column":18},"end":{"line":31,"column":85}},"18":{"start":{"line":32,"column":4},"end":{"line":32,"column":37}},"19":{"start":{"line":36,"column":27},"end":{"line":36,"column":49}},"20":{"start":{"line":37,"column":4},"end":{"line":37,"column":98}},"21":{"start":{"line":37,"column":25},"end":{"line":37,"column":98}},"22":{"start":{"line":39,"column":20},"end":{"line":39,"column":33}},"23":{"start":{"line":40,"column":4},"end":{"line":40,"column":66}},"24":{"start":{"line":42,"column":4},"end":{"line":45,"column":7}},"25":{"start":{"line":15,"column":0},"end":{"line":15,"column":13}}},"fnMap":{"0":{"name":"(anonymous_0)","decl":{"start":{"line":10,"column":68},"end":{"line":10,"column":69}},"loc":{"start":{"line":10,"column":88},"end":{"line":10,"column":90}}},"1":{"name":"(anonymous_1)","decl":{"start":{"line":11,"column":68},"end":{"line":11,"column":69}},"loc":{"start":{"line":11,"column":91},"end":{"line":11,"column":97}}},"2":{"name":"(anonymous_2)","decl":{"start":{"line":12,"column":66},"end":{"line":12,"column":67}},"loc":{"start":{"line":12,"column":89},"end":{"line":12,"column":95}}},"3":{"name":"(anonymous_3)","decl":{"start":{"line":16,"column":2},"end":{"line":16,"column":8}},"loc":{"start":{"line":16,"column":32},"end":{"line":21,"column":3}}},"4":{"name":"(anonymous_4)","decl":{"start":{"line":23,"column":2},"end":{"line":23,"column":8}},"loc":{"start":{"line":23,"column":48},"end":{"line":27,"column":3}}},"5":{"name":"(anonymous_5)","decl":{"start":{"line":29,"column":2},"end":{"line":29,"column":8}},"loc":{"start":{"line":29,"column":48},"end":{"line":33,"column":3}}},"6":{"name":"(anonymous_6)","decl":{"start":{"line":35,"column":2},"end":{"line":35,"column":8}},"loc":{"start":{"line":35,"column":99},"end":{"line":46,"column":3}}}},"branchMap":{"0":{"loc":{"start":{"line":11,"column":91},"end":{"line":11,"column":97}},"type":"binary-expr","locations":[{"start":{"line":11,"column":91},"end":{"line":11,"column":92}},{"start":{"line":11,"column":96},"end":{"line":11,"column":97}}]},"1":{"loc":{"start":{"line":12,"column":89},"end":{"line":12,"column":95}},"type":"binary-expr","locations":[{"start":{"line":12,"column":89},"end":{"line":12,"column":90}},{"start":{"line":12,"column":94},"end":{"line":12,"column":95}}]},"2":{"loc":{"start":{"line":31,"column":4},"end":{"line":31,"column":85}},"type":"if","locations":[{"start":{"line":31,"column":4},"end":{"line":31,"column":85}}]},"3":{"loc":{"start":{"line":37,"column":4},"end":{"line":37,"column":98}},"type":"if","locations":[{"start":{"line":37,"column":4},"end":{"line":37,"column":98}}]}},"s":{"0":2,"1":2,"2":2,"3":2,"4":2,"5":0,"6":0,"7":0,"8":1,"9":1,"10":1,"11":1,"12":2,"13":2,"14":2,"15":1,"16":1,"17":0,"18":1,"19":0,"20":0,"21":0,"22":0,"23":0,"24":0,"25":2},"f":{"0":0,"1":0,"2":0,"3":1,"4":2,"5":1,"6":0},"b":{"0":[0,0],"1":[0,0],"2":[0],"3":[0]}}
,"/Users/sebastianflajszer/Projects/Node/motorola/logic-gates-simulator/src/core/simulator/elements/Gate.ts": {"path":"/Users/sebastianflajszer/Projects/Node/motorola/logic-gates-simulator/src/core/simulator/elements/Gate.ts","statementMap":{"0":{"start":{"line":1,"column":0},"end":{"line":1,"column":36}},"1":{"start":{"line":12,"column":4},"end":{"line":12,"column":20}},"2":{"start":{"line":13,"column":4},"end":{"line":13,"column":23}},"3":{"start":{"line":8,"column":0},"end":{"line":8,"column":22}}},"fnMap":{"0":{"name":"(anonymous_0)","decl":{"start":{"line":11,"column":2},"end":{"line":11,"column":24}},"loc":{"start":{"line":11,"column":64},"end":{"line":14,"column":3}}}},"branchMap":{},"s":{"0":2,"1":3,"2":3,"3":2},"f":{"0":3},"b":{}}
}
