TN:
SF:src/core/simulator/Circuit.ts
FN:36,(anonymous_0)
FN:43,(anonymous_1)
FN:44,(anonymous_2)
FN:53,(anonymous_3)
FN:56,(anonymous_4)
FN:76,(anonymous_5)
FN:77,(anonymous_6)
FN:80,(anonymous_7)
FN:82,(anonymous_8)
FN:87,(anonymous_9)
FN:88,(anonymous_10)
FN:92,(anonymous_11)
FN:93,(anonymous_12)
FN:99,(anonymous_13)
FN:111,(anonymous_14)
FNF:15
FNH:8
FNDA:0,(anonymous_0)
FNDA:0,(anonymous_1)
FNDA:0,(anonymous_2)
FNDA:0,(anonymous_3)
FNDA:0,(anonymous_4)
FNDA:0,(anonymous_5)
FNDA:0,(anonymous_6)
FNDA:1,(anonymous_7)
FNDA:1,(anonymous_8)
FNDA:1,(anonymous_9)
FNDA:1,(anonymous_10)
FNDA:1,(anonymous_11)
FNDA:2,(anonymous_12)
FNDA:1,(anonymous_13)
FNDA:1,(anonymous_14)
DA:2,2
DA:3,2
DA:4,2
DA:27,2
DA:28,2
DA:29,2
DA:30,2
DA:31,2
DA:37,0
DA:44,0
DA:45,0
DA:46,0
DA:54,0
DA:56,0
DA:57,0
DA:58,0
DA:60,0
DA:61,0
DA:63,0
DA:65,0
DA:67,0
DA:77,0
DA:81,1
DA:82,1
DA:87,1
DA:88,1
DA:93,1
DA:94,2
DA:95,2
DA:96,2
DA:99,1
DA:100,1
DA:101,1
DA:102,1
DA:103,1
DA:105,0
DA:106,0
DA:107,0
DA:111,1
DA:112,1
LF:40
LH:23
BRDA:54,0,0,0
BRDA:58,1,0,0
BRDA:60,2,0,0
BRDA:65,3,0,0
BRDA:100,4,0,1
BRDA:100,4,1,0
BRF:6
BRH:1
end_of_record
TN:
SF:src/core/simulator/elements/BaseGate.ts
FN:7,(anonymous_0)
FN:8,(anonymous_1)
FN:19,(anonymous_2)
FN:25,(anonymous_3)
FNF:4
FNH:4
FNDA:1,(anonymous_0)
FNDA:1,(anonymous_1)
FNDA:3,(anonymous_2)
FNDA:1,(anonymous_3)
DA:1,2
DA:2,2
DA:7,2
DA:8,1
DA:16,2
DA:20,3
DA:21,5
DA:22,3
DA:26,1
DA:27,1
DA:28,1
LF:11
LH:11
BRF:0
BRH:0
end_of_record
TN:
SF:src/core/simulator/elements/CustomGate.ts
FN:13,(anonymous_0)
FN:20,(anonymous_1)
FN:21,(anonymous_2)
FN:28,(anonymous_3)
FNF:4
FNH:0
FNDA:0,(anonymous_0)
FNDA:0,(anonymous_1)
FNDA:0,(anonymous_2)
FNDA:0,(anonymous_3)
DA:1,2
DA:12,2
DA:13,0
DA:14,0
DA:16,0
DA:17,0
DA:21,0
DA:22,0
DA:25,0
DA:27,0
DA:28,0
DA:29,0
DA:30,0
DA:31,0
DA:34,0
LF:15
LH:2
BRF:0
BRH:0
end_of_record
TN:
SF:src/core/simulator/elements/Element.ts
FN:12,(anonymous_0)
FNF:1
FNH:1
FNDA:8,(anonymous_0)
DA:7,2
DA:8,8
DA:9,8
DA:10,8
DA:12,8
LF:5
LH:5
BRF:0
BRH:0
end_of_record
TN:
SF:src/core/simulator/elements/ElementFactory.ts
FN:10,(anonymous_0)
FN:11,(anonymous_1)
FN:12,(anonymous_2)
FN:16,(anonymous_3)
FN:23,(anonymous_4)
FN:29,(anonymous_5)
FN:35,(anonymous_6)
FNF:7
FNH:3
FNDA:0,(anonymous_0)
FNDA:0,(anonymous_1)
FNDA:0,(anonymous_2)
FNDA:1,(anonymous_3)
FNDA:2,(anonymous_4)
FNDA:1,(anonymous_5)
FNDA:0,(anonymous_6)
DA:1,2
DA:2,2
DA:4,2
DA:5,2
DA:9,2
DA:10,0
DA:11,0
DA:12,0
DA:15,2
DA:17,1
DA:18,1
DA:19,1
DA:20,1
DA:24,2
DA:25,2
DA:26,2
DA:30,1
DA:31,1
DA:32,1
DA:36,0
DA:37,0
DA:39,0
DA:40,0
DA:42,0
LF:24
LH:16
BRDA:11,0,0,0
BRDA:11,0,1,0
BRDA:12,1,0,0
BRDA:12,1,1,0
BRDA:31,2,0,0
BRDA:37,3,0,0
BRF:6
BRH:0
end_of_record
TN:
SF:src/core/simulator/elements/Gate.ts
FN:11,(anonymous_0)
FNF:1
FNH:1
FNDA:3,(anonymous_0)
DA:1,2
DA:8,2
DA:12,3
DA:13,3
LF:4
LH:4
BRF:0
BRH:0
end_of_record
